<?xml version="1.0" encoding="utf-8" ?>
<!DOCTYPE html PUBLIC "-//W3C//DTD XHTML 1.0 Strict//EN"
        "http://www.w3.org/TR/xhtml1/DTD/xhtml1-strict.dtd">
<html xmlns="http://www.w3.org/1999/xhtml" xml:lang="" lang="">
<head>
  <title>Test Results Report - regression</title>
  <meta http-equiv="Content-Type" content="text/html;charset=utf-8" />
  <meta name="description" content="TestNG unit test results." />
  <link href="reportng.css" rel="stylesheet" type="text/css" />
    <script type="text/javascript" src="reportng.js"></script>
</head>
<body>
<h1>regression</h1>
<p>
  Test duration: 94.971s
</p>



  <table class="resultsTable">
    <tr><th colspan="3" class="header failed">Failed Tests</th></tr>
          <tr>
        <td colspan="3" class="group">gov.uk.check.visa.testsuite.VisaConfirmationTest</td>
      </tr>
            
<tr>
  <td class="method">
                  aChileanComingToTheUKForWorkAndPlansOnStayingForLongerThanSixMonths
      </td>
  <td class="duration">
    43.648s
  </td>
  <td class="result">
        
    
            <div class="testOutput">
                        Clicking on Start [[ChromeDriver: chrome on WINDOWS (18c913d4f7512a28532f7fce9a93c621)] -&gt; xpath: //section[@class=&apos;govuk-!-margin-bottom-6&apos;]/a[1]]<br />
                                Selecting on Yes [[ChromeDriver: chrome on WINDOWS (18c913d4f7512a28532f7fce9a93c621)] -&gt; xpath: //select[@id=&apos;response&apos;]]<br />
                                Continue on Yes [[ChromeDriver: chrome on WINDOWS (18c913d4f7512a28532f7fce9a93c621)] -&gt; xpath: //button[contains(text(),&apos;Continue&apos;)]]<br />
                                Clicking on reason [[[ChromeDriver: chrome on WINDOWS (18c913d4f7512a28532f7fce9a93c621)] -&gt; xpath: //div[@class=&apos;govuk-radios&apos;]//div/input], [[ChromeDriver: chrome on WINDOWS (18c913d4f7512a28532f7fce9a93c621)] -&gt; xpath: //div[@class=&apos;govuk-radios&apos;]//div/input], [[ChromeDriver: chrome on WINDOWS (18c913d4f7512a28532f7fce9a93c621)] -&gt; xpath: //div[@class=&apos;govuk-radios&apos;]//div/input], [[ChromeDriver: chrome on WINDOWS (18c913d4f7512a28532f7fce9a93c621)] -&gt; xpath: //div[@class=&apos;govuk-radios&apos;]//div/input], [[ChromeDriver: chrome on WINDOWS (18c913d4f7512a28532f7fce9a93c621)] -&gt; xpath: //div[@class=&apos;govuk-radios&apos;]//div/input], [[ChromeDriver: chrome on WINDOWS (18c913d4f7512a28532f7fce9a93c621)] -&gt; xpath: //div[@class=&apos;govuk-radios&apos;]//div/input], [[ChromeDriver: chrome on WINDOWS (18c913d4f7512a28532f7fce9a93c621)] -&gt; xpath: //div[@class=&apos;govuk-radios&apos;]//div/input], [[ChromeDriver: chrome on WINDOWS (18c913d4f7512a28532f7fce9a93c621)] -&gt; xpath: //div[@class=&apos;govuk-radios&apos;]//div/input], [[ChromeDriver: chrome on WINDOWS (18c913d4f7512a28532f7fce9a93c621)] -&gt; xpath: //div[@class=&apos;govuk-radios&apos;]//div/input]]<br />
                                Clicking on Next [[ChromeDriver: chrome on WINDOWS (18c913d4f7512a28532f7fce9a93c621)] -&gt; xpath: //button[contains(text(),&apos;Continue&apos;)]]<br />
                                Sending text to keywords [[ChromeDriver: chrome on WINDOWS (18c913d4f7512a28532f7fce9a93c621)] -&gt; xpath: //input[@id=&apos;response-1&apos;]]<br />
                                Clicking on next [[ChromeDriver: chrome on WINDOWS (18c913d4f7512a28532f7fce9a93c621)] -&gt; xpath: //button[contains(text(),&apos;Continue&apos;)]]<br />
                                Selcting job type [[[ChromeDriver: chrome on WINDOWS (18c913d4f7512a28532f7fce9a93c621)] -&gt; xpath: //div[@class=&apos;govuk-radios&apos;]//div/input], [[ChromeDriver: chrome on WINDOWS (18c913d4f7512a28532f7fce9a93c621)] -&gt; xpath: //div[@class=&apos;govuk-radios&apos;]//div/input]]<br />
                                Clicking on Next [[ChromeDriver: chrome on WINDOWS (18c913d4f7512a28532f7fce9a93c621)] -&gt; xpath: //button[contains(text(),&apos;Continue&apos;)]]<br />
                                Getting result&nbsp; Proxy element for: DefaultElementLocator &apos;By.xpath: //div[@id=&apos;result-info&apos;]//div[2]/h2&apos;<br />
                  </div>
    

        <a href="javascript:toggleElement('exception-0', 'block')" title="Click to expand/collapse"><b>org.openqa.selenium.NoSuchElementException: no such element: Unable to locate element: {&quot;method&quot;:&quot;xpath&quot;,&quot;selector&quot;:&quot;//div[@id=&apos;result-info&apos;]//div[2]/h2&quot;}<br/>
&nbsp; (Session info: chrome=101.0.4951.54)<br/>
For documentation on this error, please visit: https://selenium.dev/exceptions/#no_such_element<br/>
Build info: version: &apos;4.1.4&apos;, revision: &apos;535d840ee2&apos;<br/>
System info: host: &apos;HRIDAY&apos;, ip: &apos;192.168.1.13&apos;, os.name: &apos;Windows 10&apos;, os.arch: &apos;amd64&apos;, os.version: &apos;10.0&apos;, java.version: &apos;1.8.0_121&apos;<br/>
Driver info: org.openqa.selenium.chrome.ChromeDriver<br/>
Command: [18c913d4f7512a28532f7fce9a93c621, findElement {using=xpath, value=//div[@id=&apos;result-info&apos;]//div[2]/h2}]<br/>
Capabilities {acceptInsecureCerts: false, browserName: chrome, browserVersion: 101.0.4951.54, chrome: {chromedriverVersion: 101.0.4951.41 (93c720db8323..., userDataDir: C:\Users\Kalpesh\AppData\Lo...}, goog:chromeOptions: {debuggerAddress: localhost:50791}, javascriptEnabled: true, networkConnectionEnabled: false, pageLoadStrategy: normal, platform: WINDOWS, platformName: WINDOWS, proxy: Proxy(), se:cdp: ws://localhost:50791/devtoo..., se:cdpVersion: 101.0.4951.54, setWindowRect: true, strictFileInteractability: false, timeouts: {implicit: 0, pageLoad: 300000, script: 30000}, unhandledPromptBehavior: dismiss and notify, webauthn:extension:credBlob: true, webauthn:extension:largeBlob: true, webauthn:virtualAuthenticators: true}<br/>
Session ID: 18c913d4f7512a28532f7fce9a93c621</b></a><br />
    <div class="stackTrace" id="exception-0">
              sun.reflect.NativeConstructorAccessorImpl.newInstance0(Native Method)<br />
              sun.reflect.NativeConstructorAccessorImpl.newInstance(NativeConstructorAccessorImpl.java:62)<br />
              sun.reflect.DelegatingConstructorAccessorImpl.newInstance(DelegatingConstructorAccessorImpl.java:45)<br />
              java.lang.reflect.Constructor.newInstance(Constructor.java:423)<br />
              org.openqa.selenium.remote.codec.w3c.W3CHttpResponseCodec.createException(W3CHttpResponseCodec.java:200)<br />
              org.openqa.selenium.remote.codec.w3c.W3CHttpResponseCodec.decode(W3CHttpResponseCodec.java:133)<br />
              org.openqa.selenium.remote.codec.w3c.W3CHttpResponseCodec.decode(W3CHttpResponseCodec.java:53)<br />
              org.openqa.selenium.remote.HttpCommandExecutor.execute(HttpCommandExecutor.java:184)<br />
              org.openqa.selenium.remote.service.DriverCommandExecutor.invokeExecute(DriverCommandExecutor.java:167)<br />
              org.openqa.selenium.remote.service.DriverCommandExecutor.execute(DriverCommandExecutor.java:142)<br />
              org.openqa.selenium.remote.RemoteWebDriver.execute(RemoteWebDriver.java:567)<br />
              org.openqa.selenium.remote.ElementLocation$ElementFinder$2.findElement(ElementLocation.java:162)<br />
              org.openqa.selenium.remote.ElementLocation.findElement(ElementLocation.java:60)<br />
              org.openqa.selenium.remote.RemoteWebDriver.findElement(RemoteWebDriver.java:385)<br />
              org.openqa.selenium.remote.RemoteWebDriver.findElement(RemoteWebDriver.java:377)<br />
              org.openqa.selenium.support.pagefactory.DefaultElementLocator.findElement(DefaultElementLocator.java:70)<br />
              org.openqa.selenium.support.pagefactory.internal.LocatingElementHandler.invoke(LocatingElementHandler.java:39)<br />
              com.sun.proxy.$Proxy14.getText(Unknown Source)<br />
              gov.uk.check.visa.utility.Utility.getTextFromElement(Utility.java:71)<br />
              gov.uk.check.visa.pages.ResultPage.getResultMessage(ResultPage.java:22)<br />
              gov.uk.check.visa.testsuite.VisaConfirmationTest.aChileanComingToTheUKForWorkAndPlansOnStayingForLongerThanSixMonths(VisaConfirmationTest.java:58)<br />
              sun.reflect.NativeMethodAccessorImpl.invoke0(Native Method)<br />
              sun.reflect.NativeMethodAccessorImpl.invoke(NativeMethodAccessorImpl.java:62)<br />
              sun.reflect.DelegatingMethodAccessorImpl.invoke(DelegatingMethodAccessorImpl.java:43)<br />
              java.lang.reflect.Method.invoke(Method.java:498)<br />
              org.testng.internal.invokers.MethodInvocationHelper.invokeMethod(MethodInvocationHelper.java:135)<br />
              org.testng.internal.invokers.TestInvoker.invokeMethod(TestInvoker.java:673)<br />
              org.testng.internal.invokers.TestInvoker.invokeTestMethod(TestInvoker.java:220)<br />
              org.testng.internal.invokers.MethodRunner.runInSequence(MethodRunner.java:50)<br />
              org.testng.internal.invokers.TestInvoker$MethodInvocationAgent.invoke(TestInvoker.java:945)<br />
              org.testng.internal.invokers.TestInvoker.invokeTestMethods(TestInvoker.java:193)<br />
              org.testng.internal.invokers.TestMethodWorker.invokeTestMethods(TestMethodWorker.java:146)<br />
              org.testng.internal.invokers.TestMethodWorker.run(TestMethodWorker.java:128)<br />
              java.util.ArrayList.forEach(ArrayList.java:1249)<br />
              org.testng.TestRunner.privateRun(TestRunner.java:808)<br />
              org.testng.TestRunner.run(TestRunner.java:603)<br />
              org.testng.SuiteRunner.runTest(SuiteRunner.java:429)<br />
              org.testng.SuiteRunner.runSequentially(SuiteRunner.java:423)<br />
              org.testng.SuiteRunner.privateRun(SuiteRunner.java:383)<br />
              org.testng.SuiteRunner.run(SuiteRunner.java:326)<br />
              org.testng.SuiteRunnerWorker.runSuite(SuiteRunnerWorker.java:52)<br />
              org.testng.SuiteRunnerWorker.run(SuiteRunnerWorker.java:95)<br />
              org.testng.TestNG.runSuitesSequentially(TestNG.java:1249)<br />
              org.testng.TestNG.runSuitesLocally(TestNG.java:1169)<br />
              org.testng.TestNG.runSuites(TestNG.java:1092)<br />
              org.testng.TestNG.run(TestNG.java:1060)<br />
              com.intellij.rt.testng.IDEARemoteTestNG.run(IDEARemoteTestNG.java:66)<br />
              com.intellij.rt.testng.RemoteTestNGStarter.main(RemoteTestNGStarter.java:109)<br />
                </div>
      </td>
</tr>
<tr>
  <td class="method">
                  aColumbianNationalComingToTheUKToJoinAPartnerForALongStayTheyDoHaveAnArticle10Or20Card
      </td>
  <td class="duration">
    41.915s
  </td>
  <td class="result">
        
    
            <div class="testOutput">
                        Clicking on Start [[ChromeDriver: chrome on WINDOWS (92758543c3ec0fa7431aed9abc5b9c38)] -&gt; xpath: //section[@class=&apos;govuk-!-margin-bottom-6&apos;]/a[1]]<br />
                                Selecting on Yes [[ChromeDriver: chrome on WINDOWS (92758543c3ec0fa7431aed9abc5b9c38)] -&gt; xpath: //select[@id=&apos;response&apos;]]<br />
                                Continue on Yes [[ChromeDriver: chrome on WINDOWS (92758543c3ec0fa7431aed9abc5b9c38)] -&gt; xpath: //button[contains(text(),&apos;Continue&apos;)]]<br />
                                Clicking on reason [[[ChromeDriver: chrome on WINDOWS (92758543c3ec0fa7431aed9abc5b9c38)] -&gt; xpath: //div[@class=&apos;govuk-radios&apos;]//div/input], [[ChromeDriver: chrome on WINDOWS (92758543c3ec0fa7431aed9abc5b9c38)] -&gt; xpath: //div[@class=&apos;govuk-radios&apos;]//div/input], [[ChromeDriver: chrome on WINDOWS (92758543c3ec0fa7431aed9abc5b9c38)] -&gt; xpath: //div[@class=&apos;govuk-radios&apos;]//div/input], [[ChromeDriver: chrome on WINDOWS (92758543c3ec0fa7431aed9abc5b9c38)] -&gt; xpath: //div[@class=&apos;govuk-radios&apos;]//div/input], [[ChromeDriver: chrome on WINDOWS (92758543c3ec0fa7431aed9abc5b9c38)] -&gt; xpath: //div[@class=&apos;govuk-radios&apos;]//div/input], [[ChromeDriver: chrome on WINDOWS (92758543c3ec0fa7431aed9abc5b9c38)] -&gt; xpath: //div[@class=&apos;govuk-radios&apos;]//div/input], [[ChromeDriver: chrome on WINDOWS (92758543c3ec0fa7431aed9abc5b9c38)] -&gt; xpath: //div[@class=&apos;govuk-radios&apos;]//div/input], [[ChromeDriver: chrome on WINDOWS (92758543c3ec0fa7431aed9abc5b9c38)] -&gt; xpath: //div[@class=&apos;govuk-radios&apos;]//div/input], [[ChromeDriver: chrome on WINDOWS (92758543c3ec0fa7431aed9abc5b9c38)] -&gt; xpath: //div[@class=&apos;govuk-radios&apos;]//div/input]]<br />
                                Clicking on Next [[ChromeDriver: chrome on WINDOWS (92758543c3ec0fa7431aed9abc5b9c38)] -&gt; xpath: //button[contains(text(),&apos;Continue&apos;)]]<br />
                                Clicking on Yes [[ChromeDriver: chrome on WINDOWS (92758543c3ec0fa7431aed9abc5b9c38)] -&gt; xpath: //div[@class=&apos;govuk-radios&apos;]//input[@id=&apos;response-0&apos;]]<br />
                                Clicking on next [[ChromeDriver: chrome on WINDOWS (92758543c3ec0fa7431aed9abc5b9c38)] -&gt; xpath: //button[contains(text(),&apos;Continue&apos;)]]<br />
                                Getting result&nbsp; Proxy element for: DefaultElementLocator &apos;By.xpath: //div[@id=&apos;result-info&apos;]//div[2]/h2&apos;<br />
                  </div>
    

        <a href="javascript:toggleElement('exception-1', 'block')" title="Click to expand/collapse"><b>org.openqa.selenium.NoSuchElementException: no such element: Unable to locate element: {&quot;method&quot;:&quot;xpath&quot;,&quot;selector&quot;:&quot;//div[@id=&apos;result-info&apos;]//div[2]/h2&quot;}<br/>
&nbsp; (Session info: chrome=101.0.4951.54)<br/>
For documentation on this error, please visit: https://selenium.dev/exceptions/#no_such_element<br/>
Build info: version: &apos;4.1.4&apos;, revision: &apos;535d840ee2&apos;<br/>
System info: host: &apos;HRIDAY&apos;, ip: &apos;192.168.1.13&apos;, os.name: &apos;Windows 10&apos;, os.arch: &apos;amd64&apos;, os.version: &apos;10.0&apos;, java.version: &apos;1.8.0_121&apos;<br/>
Driver info: org.openqa.selenium.chrome.ChromeDriver<br/>
Command: [92758543c3ec0fa7431aed9abc5b9c38, findElement {using=xpath, value=//div[@id=&apos;result-info&apos;]//div[2]/h2}]<br/>
Capabilities {acceptInsecureCerts: false, browserName: chrome, browserVersion: 101.0.4951.54, chrome: {chromedriverVersion: 101.0.4951.41 (93c720db8323..., userDataDir: C:\Users\Kalpesh\AppData\Lo...}, goog:chromeOptions: {debuggerAddress: localhost:50833}, javascriptEnabled: true, networkConnectionEnabled: false, pageLoadStrategy: normal, platform: WINDOWS, platformName: WINDOWS, proxy: Proxy(), se:cdp: ws://localhost:50833/devtoo..., se:cdpVersion: 101.0.4951.54, setWindowRect: true, strictFileInteractability: false, timeouts: {implicit: 0, pageLoad: 300000, script: 30000}, unhandledPromptBehavior: dismiss and notify, webauthn:extension:credBlob: true, webauthn:extension:largeBlob: true, webauthn:virtualAuthenticators: true}<br/>
Session ID: 92758543c3ec0fa7431aed9abc5b9c38</b></a><br />
    <div class="stackTrace" id="exception-1">
              sun.reflect.NativeConstructorAccessorImpl.newInstance0(Native Method)<br />
              sun.reflect.NativeConstructorAccessorImpl.newInstance(NativeConstructorAccessorImpl.java:62)<br />
              sun.reflect.DelegatingConstructorAccessorImpl.newInstance(DelegatingConstructorAccessorImpl.java:45)<br />
              java.lang.reflect.Constructor.newInstance(Constructor.java:423)<br />
              org.openqa.selenium.remote.codec.w3c.W3CHttpResponseCodec.createException(W3CHttpResponseCodec.java:200)<br />
              org.openqa.selenium.remote.codec.w3c.W3CHttpResponseCodec.decode(W3CHttpResponseCodec.java:133)<br />
              org.openqa.selenium.remote.codec.w3c.W3CHttpResponseCodec.decode(W3CHttpResponseCodec.java:53)<br />
              org.openqa.selenium.remote.HttpCommandExecutor.execute(HttpCommandExecutor.java:184)<br />
              org.openqa.selenium.remote.service.DriverCommandExecutor.invokeExecute(DriverCommandExecutor.java:167)<br />
              org.openqa.selenium.remote.service.DriverCommandExecutor.execute(DriverCommandExecutor.java:142)<br />
              org.openqa.selenium.remote.RemoteWebDriver.execute(RemoteWebDriver.java:567)<br />
              org.openqa.selenium.remote.ElementLocation$ElementFinder$2.findElement(ElementLocation.java:162)<br />
              org.openqa.selenium.remote.ElementLocation.findElement(ElementLocation.java:60)<br />
              org.openqa.selenium.remote.RemoteWebDriver.findElement(RemoteWebDriver.java:385)<br />
              org.openqa.selenium.remote.RemoteWebDriver.findElement(RemoteWebDriver.java:377)<br />
              org.openqa.selenium.support.pagefactory.DefaultElementLocator.findElement(DefaultElementLocator.java:70)<br />
              org.openqa.selenium.support.pagefactory.internal.LocatingElementHandler.invoke(LocatingElementHandler.java:39)<br />
              com.sun.proxy.$Proxy14.getText(Unknown Source)<br />
              gov.uk.check.visa.utility.Utility.getTextFromElement(Utility.java:71)<br />
              gov.uk.check.visa.pages.ResultPage.getResultMessage(ResultPage.java:22)<br />
              gov.uk.check.visa.testsuite.VisaConfirmationTest.aColumbianNationalComingToTheUKToJoinAPartnerForALongStayTheyDoHaveAnArticle10Or20Card(VisaConfirmationTest.java:73)<br />
              sun.reflect.NativeMethodAccessorImpl.invoke0(Native Method)<br />
              sun.reflect.NativeMethodAccessorImpl.invoke(NativeMethodAccessorImpl.java:62)<br />
              sun.reflect.DelegatingMethodAccessorImpl.invoke(DelegatingMethodAccessorImpl.java:43)<br />
              java.lang.reflect.Method.invoke(Method.java:498)<br />
              org.testng.internal.invokers.MethodInvocationHelper.invokeMethod(MethodInvocationHelper.java:135)<br />
              org.testng.internal.invokers.TestInvoker.invokeMethod(TestInvoker.java:673)<br />
              org.testng.internal.invokers.TestInvoker.invokeTestMethod(TestInvoker.java:220)<br />
              org.testng.internal.invokers.MethodRunner.runInSequence(MethodRunner.java:50)<br />
              org.testng.internal.invokers.TestInvoker$MethodInvocationAgent.invoke(TestInvoker.java:945)<br />
              org.testng.internal.invokers.TestInvoker.invokeTestMethods(TestInvoker.java:193)<br />
              org.testng.internal.invokers.TestMethodWorker.invokeTestMethods(TestMethodWorker.java:146)<br />
              org.testng.internal.invokers.TestMethodWorker.run(TestMethodWorker.java:128)<br />
              java.util.ArrayList.forEach(ArrayList.java:1249)<br />
              org.testng.TestRunner.privateRun(TestRunner.java:808)<br />
              org.testng.TestRunner.run(TestRunner.java:603)<br />
              org.testng.SuiteRunner.runTest(SuiteRunner.java:429)<br />
              org.testng.SuiteRunner.runSequentially(SuiteRunner.java:423)<br />
              org.testng.SuiteRunner.privateRun(SuiteRunner.java:383)<br />
              org.testng.SuiteRunner.run(SuiteRunner.java:326)<br />
              org.testng.SuiteRunnerWorker.runSuite(SuiteRunnerWorker.java:52)<br />
              org.testng.SuiteRunnerWorker.run(SuiteRunnerWorker.java:95)<br />
              org.testng.TestNG.runSuitesSequentially(TestNG.java:1249)<br />
              org.testng.TestNG.runSuitesLocally(TestNG.java:1169)<br />
              org.testng.TestNG.runSuites(TestNG.java:1092)<br />
              org.testng.TestNG.run(TestNG.java:1060)<br />
              com.intellij.rt.testng.IDEARemoteTestNG.run(IDEARemoteTestNG.java:66)<br />
              com.intellij.rt.testng.RemoteTestNGStarter.main(RemoteTestNGStarter.java:109)<br />
                </div>
      </td>
</tr>
      </table>


  <table class="resultsTable">
    <tr><th colspan="3" class="header passed">Passed Tests</th></tr>
          <tr>
        <td colspan="3" class="group">gov.uk.check.visa.testsuite.VisaConfirmationTest</td>
      </tr>
            
<tr>
  <td class="method">
                  anAustralianCominToUKForTourism
      </td>
  <td class="duration">
    1.099s
  </td>
  <td class="result">
        
    
            <div class="testOutput">
                        Clicking on Start [[ChromeDriver: chrome on WINDOWS (f6a3de5be4f9841e62ed8a796aa86cdc)] -&gt; xpath: //section[@class=&apos;govuk-!-margin-bottom-6&apos;]/a[1]]<br />
                                Selecting on Yes [[ChromeDriver: chrome on WINDOWS (f6a3de5be4f9841e62ed8a796aa86cdc)] -&gt; xpath: //select[@id=&apos;response&apos;]]<br />
                                Continue on Yes [[ChromeDriver: chrome on WINDOWS (f6a3de5be4f9841e62ed8a796aa86cdc)] -&gt; xpath: //button[contains(text(),&apos;Continue&apos;)]]<br />
                                Clicking on reason [[[ChromeDriver: chrome on WINDOWS (f6a3de5be4f9841e62ed8a796aa86cdc)] -&gt; xpath: //div[@class=&apos;govuk-radios&apos;]//div/input], [[ChromeDriver: chrome on WINDOWS (f6a3de5be4f9841e62ed8a796aa86cdc)] -&gt; xpath: //div[@class=&apos;govuk-radios&apos;]//div/input], [[ChromeDriver: chrome on WINDOWS (f6a3de5be4f9841e62ed8a796aa86cdc)] -&gt; xpath: //div[@class=&apos;govuk-radios&apos;]//div/input], [[ChromeDriver: chrome on WINDOWS (f6a3de5be4f9841e62ed8a796aa86cdc)] -&gt; xpath: //div[@class=&apos;govuk-radios&apos;]//div/input], [[ChromeDriver: chrome on WINDOWS (f6a3de5be4f9841e62ed8a796aa86cdc)] -&gt; xpath: //div[@class=&apos;govuk-radios&apos;]//div/input], [[ChromeDriver: chrome on WINDOWS (f6a3de5be4f9841e62ed8a796aa86cdc)] -&gt; xpath: //div[@class=&apos;govuk-radios&apos;]//div/input], [[ChromeDriver: chrome on WINDOWS (f6a3de5be4f9841e62ed8a796aa86cdc)] -&gt; xpath: //div[@class=&apos;govuk-radios&apos;]//div/input], [[ChromeDriver: chrome on WINDOWS (f6a3de5be4f9841e62ed8a796aa86cdc)] -&gt; xpath: //div[@class=&apos;govuk-radios&apos;]//div/input], [[ChromeDriver: chrome on WINDOWS (f6a3de5be4f9841e62ed8a796aa86cdc)] -&gt; xpath: //div[@class=&apos;govuk-radios&apos;]//div/input]]<br />
                                Clicking on Next [[ChromeDriver: chrome on WINDOWS (f6a3de5be4f9841e62ed8a796aa86cdc)] -&gt; xpath: //button[contains(text(),&apos;Continue&apos;)]]<br />
                                Getting result&nbsp; [[ChromeDriver: chrome on WINDOWS (f6a3de5be4f9841e62ed8a796aa86cdc)] -&gt; xpath: //div[@id=&apos;result-info&apos;]//div[2]/h2]<br />
                  </div>
    

      </td>
</tr>
      </table>
  
</body>
</html>
